<?xml version="1.0" encoding="UTF-8"?>
<testsuite name="TestApplication" tests="1" skipped="0" failures="0" errors="0" timestamp="2021-03-08T12:01:07" hostname="DRMUELLER" time="0.09">
  <properties/>
  <testcase name="execute()" classname="TestApplication" time="0.09"/>
  <system-out><![CDATA[p                 : 216766416169603
q                 : 255033693964561
n                 : 55282739843193198580847439283
t                 : 55282739843192726780737305120
e                 : 55282739843192726780737305109
d                 : 50257036221084297073397550109
isCoPrime e and t : true
plainMessage      : morpheus
encryptedMessage  : AIE8WZeYghcf6Xw7dg==
decryptedMessage  : morpheus
]]></system-out>
  <system-err><![CDATA[]]></system-err>
</testsuite>
